<?xml version="1.0" encoding="UTF-8"?>
<testsuite xmlns:xsi="http://www.w3.org/2001/XMLSchema-instance" xsi:noNamespaceSchemaLocation="https://maven.apache.org/surefire/maven-surefire-plugin/xsd/surefire-test-report.xsd" name="net.re.AppTest" time="0.004" tests="3" errors="0" skipped="0" failures="2">
  <properties>
    <property name="java.specification.version" value="22"/>
    <property name="sun.jnu.encoding" value="UTF-8"/>
    <property name="java.class.path" value="/Users/minhson/workplace/001_projects/re/java/java-practice/ex001/target/test-classes:/Users/minhson/workplace/001_projects/re/java/java-practice/ex001/target/classes:/Users/minhson/.m2/repository/org/junit/jupiter/junit-jupiter-api/5.10.2/junit-jupiter-api-5.10.2.jar:/Users/minhson/.m2/repository/org/opentest4j/opentest4j/1.3.0/opentest4j-1.3.0.jar:/Users/minhson/.m2/repository/org/junit/platform/junit-platform-commons/1.10.2/junit-platform-commons-1.10.2.jar:/Users/minhson/.m2/repository/org/apiguardian/apiguardian-api/1.1.2/apiguardian-api-1.1.2.jar:"/>
    <property name="java.vm.vendor" value="Oracle Corporation"/>
    <property name="sun.arch.data.model" value="64"/>
    <property name="java.vendor.url" value="https://java.oracle.com/"/>
    <property name="os.name" value="Mac OS X"/>
    <property name="java.vm.specification.version" value="22"/>
    <property name="sun.java.launcher" value="SUN_STANDARD"/>
    <property name="user.country" value="VN"/>
    <property name="sun.boot.library.path" value="/Users/minhson/.sdkman/candidates/java/22-oracle/lib"/>
    <property name="sun.java.command" value="/Users/minhson/workplace/001_projects/re/java/java-practice/ex001/target/surefire/surefirebooter7745256410592731662.jar /Users/minhson/workplace/001_projects/re/java/java-practice/ex001/target/surefire 2024-05-06T14-56-56_641-jvmRun1 surefire3684578028238935063tmp surefire_014381610082260143502tmp"/>
    <property name="http.nonProxyHosts" value="local|*.local|169.254/16|*.169.254/16"/>
    <property name="jdk.debug" value="release"/>
    <property name="surefire.test.class.path" value="/Users/minhson/workplace/001_projects/re/java/java-practice/ex001/target/test-classes:/Users/minhson/workplace/001_projects/re/java/java-practice/ex001/target/classes:/Users/minhson/.m2/repository/org/junit/jupiter/junit-jupiter-api/5.10.2/junit-jupiter-api-5.10.2.jar:/Users/minhson/.m2/repository/org/opentest4j/opentest4j/1.3.0/opentest4j-1.3.0.jar:/Users/minhson/.m2/repository/org/junit/platform/junit-platform-commons/1.10.2/junit-platform-commons-1.10.2.jar:/Users/minhson/.m2/repository/org/apiguardian/apiguardian-api/1.1.2/apiguardian-api-1.1.2.jar:"/>
    <property name="sun.cpu.endian" value="little"/>
    <property name="user.home" value="/Users/minhson"/>
    <property name="user.language" value="en"/>
    <property name="java.specification.vendor" value="Oracle Corporation"/>
    <property name="java.version.date" value="2024-03-19"/>
    <property name="java.home" value="/Users/minhson/.sdkman/candidates/java/22-oracle"/>
    <property name="file.separator" value="/"/>
    <property name="basedir" value="/Users/minhson/workplace/001_projects/re/java/java-practice/ex001"/>
    <property name="java.vm.compressedOopsMode" value="Zero based"/>
    <property name="line.separator" value="&#10;"/>
    <property name="java.vm.specification.vendor" value="Oracle Corporation"/>
    <property name="java.specification.name" value="Java Platform API Specification"/>
    <property name="apple.awt.application.name" value="ForkedBooter"/>
    <property name="surefire.real.class.path" value="/Users/minhson/workplace/001_projects/re/java/java-practice/ex001/target/surefire/surefirebooter7745256410592731662.jar"/>
    <property name="sun.management.compiler" value="HotSpot 64-Bit Tiered Compilers"/>
    <property name="ftp.nonProxyHosts" value="local|*.local|169.254/16|*.169.254/16"/>
    <property name="java.runtime.version" value="22+36-2370"/>
    <property name="user.name" value="minhson"/>
    <property name="stdout.encoding" value="UTF-8"/>
    <property name="path.separator" value=":"/>
    <property name="os.version" value="14.4.1"/>
    <property name="java.runtime.name" value="Java(TM) SE Runtime Environment"/>
    <property name="file.encoding" value="UTF-8"/>
    <property name="java.vm.name" value="Java HotSpot(TM) 64-Bit Server VM"/>
    <property name="localRepository" value="/Users/minhson/.m2/repository"/>
    <property name="java.vendor.url.bug" value="https://bugreport.java.com/bugreport/"/>
    <property name="java.io.tmpdir" value="/var/folders/23/5qhr_zmj5wl0khwd1pdqkfyc0000gn/T/"/>
    <property name="java.version" value="22"/>
    <property name="user.dir" value="/Users/minhson/workplace/001_projects/re/java/java-practice/ex001"/>
    <property name="os.arch" value="aarch64"/>
    <property name="java.vm.specification.name" value="Java Virtual Machine Specification"/>
    <property name="native.encoding" value="UTF-8"/>
    <property name="java.library.path" value="/Users/minhson/Library/Java/Extensions:/Library/Java/Extensions:/Network/Library/Java/Extensions:/System/Library/Java/Extensions:/usr/lib/java:."/>
    <property name="java.vm.info" value="mixed mode, sharing"/>
    <property name="stderr.encoding" value="UTF-8"/>
    <property name="java.vendor" value="Oracle Corporation"/>
    <property name="java.vm.version" value="22+36-2370"/>
    <property name="sun.io.unicode.encoding" value="UnicodeBig"/>
    <property name="socksNonProxyHosts" value="local|*.local|169.254/16|*.169.254/16"/>
    <property name="java.class.version" value="66.0"/>
  </properties>
  <testcase name="net.re.AppTest.testHelloWorld" classname="net.re.AppTest" time="0.001">
    <failure message="Cannot invoke &quot;java.io.ByteArrayOutputStream.toString()&quot; because &quot;this.testOut&quot; is null" type="java.lang.NullPointerException">java.lang.NullPointerException: Cannot invoke "java.io.ByteArrayOutputStream.toString()" because "this.testOut" is null
	at net.re.AppTest.testHelloWorld(AppTest.java:47)
</failure>
    <system-out><![CDATA[Hello World!
]]></system-out>
  </testcase>
  <testcase name="net.re.AppTest.testScanInputs" classname="net.re.AppTest" time="0.001"/>
  <testcase name="net.re.AppTest.testReadStandardInput" classname="net.re.AppTest" time="0.001">
    <failure message="Cannot invoke &quot;java.io.ByteArrayOutputStream.toString()&quot; because &quot;this.testOut&quot; is null" type="java.lang.NullPointerException">java.lang.NullPointerException: Cannot invoke "java.io.ByteArrayOutputStream.toString()" because "this.testOut" is null
	at net.re.AppTest.testReadStandardInput(AppTest.java:71)
</failure>
    <system-out><![CDATA[Please input 3 integer numbers
1
2
3
]]></system-out>
  </testcase>
</testsuite>